Arguments: 
  D:\Program Files\nodejs\node.exe C:\Program Files (x86)\Yarn\bin\yarn.js publish

PATH: 
  C:\Users\test5\bin;D:\Program Files\Git\mingw64\bin;D:\Program Files\Git\usr\local\bin;D:\Program Files\Git\usr\bin;D:\Program Files\Git\usr\bin;D:\Program Files\Git\mingw64\bin;D:\Program Files\Git\usr\bin;C:\Users\test5\bin;C:\ProgramData\Oracle\Java\javapath;D:\Python27;D:\Python27\Scripts;D:\Python36;D:\Python36\Scripts;C:\Windows\system32;C:\Windows;C:\Windows\System32\Wbem;C:\Windows\System32\WindowsPowerShell\v1.0;C:\Program Files (x86)\Common Files\Verint\Bin;C:\Program Files (x86)\Common Files\Verint\Bin;D:\Program Files\Git\cmd;C:\Program Files\TortoiseSVN\bin;D:\Go\bin;D:\Program Files\nodejs;D:\SDK\platform-tools;D:\SDK\tools;D:\Java\jdk1.8.0_161\bin;C:\Program Files (x86)\Yarn\bin;D:\Program Files\Microsoft VS Code\bin;C:\Users\test5\AppData\Roaming\npm;C:\Users\test5\AppData\Local\Yarn\bin;D:\Program Files\Git\usr\bin\vendor_perl;D:\Program Files\Git\usr\bin\core_perl

Yarn version: 
  1.3.2

Node version: 
  8.9.0

Platform: 
  win32 x64

npm manifest: 
  {
    "name": "ishow-ui",
    "version": "1.0.10",
    "private": false,
    "author": "Yuri Zhang",
    "description": "ishow UI: A Component Library for React",
    "license": "MIT",
    "main": "lib/index.js",
    "dependencies": {
      "async-validator": "^1.8.2",
      "autoprefixer": "7.1.6",
      "babel-core": "6.26.0",
      "babel-eslint": "7.2.3",
      "babel-jest": "20.0.3",
      "babel-loader": "7.1.2",
      "babel-preset-react-app": "^3.1.1",
      "babel-runtime": "6.26.0",
      "case-sensitive-paths-webpack-plugin": "2.1.1",
      "chalk": "1.1.3",
      "classnames": "^2.2.5",
      "css-loader": "0.28.7",
      "dotenv": "4.0.0",
      "dotenv-expand": "4.2.0",
      "eslint": "4.10.0",
      "eslint-config-react-app": "^2.1.0",
      "eslint-loader": "1.9.0",
      "eslint-plugin-flowtype": "2.39.1",
      "eslint-plugin-import": "2.8.0",
      "eslint-plugin-jsx-a11y": "5.1.1",
      "eslint-plugin-react": "7.4.0",
      "extract-text-webpack-plugin": "3.0.2",
      "file-loader": "1.1.5",
      "fs-extra": "3.0.1",
      "html-webpack-plugin": "2.29.0",
      "jest": "20.0.4",
      "object-assign": "4.1.1",
      "postcss-flexbugs-fixes": "3.2.0",
      "postcss-loader": "2.0.8",
      "promise": "8.0.1",
      "raf": "^3.4.0",
      "react": "^16.2.0",
      "react-click-outside": "^3.0.1",
      "react-dev-utils": "^5.0.0",
      "react-dom": "^16.2.0",
      "style-loader": "0.19.0",
      "sw-precache-webpack-plugin": "0.11.4",
      "throttle-debounce": "^1.0.1",
      "url-loader": "0.6.2",
      "webpack": "3.8.1",
      "webpack-dev-server": "2.9.4",
      "webpack-manifest-plugin": "1.3.2",
      "whatwg-fetch": "2.0.3"
    },
    "scripts": {
      "start": "node scripts/start.js",
      "build": "node scripts/build.js",
      "test": "node scripts/test.js --env=jsdom",
      "es6": "cross-env NODE_ENV=production npx babel  src --copy-files  --extensions .js,.jsx --out-dir lib"
    },
    "jest": {
      "collectCoverageFrom": [
        "src/**/*.{js,jsx,mjs}"
      ],
      "setupFiles": [
        "<rootDir>/config/polyfills.js"
      ],
      "testMatch": [
        "<rootDir>/src/**/__tests__/**/*.{js,jsx,mjs}",
        "<rootDir>/src/**/?(*.)(spec|test).{js,jsx,mjs}"
      ],
      "testEnvironment": "node",
      "testURL": "http://localhost",
      "transform": {
        "^.+\\.(js|jsx|mjs)$": "<rootDir>/node_modules/babel-jest",
        "^.+\\.css$": "<rootDir>/config/jest/cssTransform.js",
        "^(?!.*\\.(js|jsx|mjs|css|json)$)": "<rootDir>/config/jest/fileTransform.js"
      },
      "transformIgnorePatterns": [
        "[/\\\\]node_modules[/\\\\].+\\.(js|jsx|mjs)$"
      ],
      "moduleNameMapper": {
        "^react-native$": "react-native-web"
      },
      "moduleFileExtensions": [
        "web.js",
        "mjs",
        "js",
        "json",
        "web.jsx",
        "jsx",
        "node"
      ]
    },
    "babel": {
      "presets": [
        "react-app"
      ]
    },
    "eslintConfig": {
      "extends": "react-app"
    },
    "devDependencies": {
      "babel-cli": "^6.26.0",
      "babel-preset-es2015": "^6.24.1",
      "babel-preset-react": "^6.24.1",
      "babel-preset-stage-0": "^6.24.1",
      "cross-env": "^5.1.4"
    }
  }

yarn manifest: 
  No manifest

Lockfile: 
  No lockfile

Trace: 
  Error: https://registry.yarnpkg.com/ishow-ui: You cannot publish over the previously published versions: 1.0.10.
      at Request.params.callback [as _callback] (C:\Program Files (x86)\Yarn\lib\cli.js:62098:18)
      at Request.self.callback (C:\Program Files (x86)\Yarn\lib\cli.js:123085:22)
      at emitTwo (events.js:126:13)
      at Request.emit (events.js:214:7)
      at Request.<anonymous> (C:\Program Files (x86)\Yarn\lib\cli.js:124068:10)
      at emitOne (events.js:116:13)
      at Request.emit (events.js:211:7)
      at Gunzip.<anonymous> (C:\Program Files (x86)\Yarn\lib\cli.js:123988:12)
      at Object.onceWrapper (events.js:313:30)
      at emitNone (events.js:111:20)
